TN:
SF:server.js
FN:21,getAll
FN:25,getById
FN:27,(anonymous_2)
FN:31,deleteById
FN:33,(anonymous_4)
FN:38,input
FN:48,(anonymous_6)
FNF:7
FNH:4
FNDA:1,getAll
FNDA:1,getById
FNDA:1,(anonymous_2)
FNDA:0,deleteById
FNDA:0,(anonymous_4)
FNDA:1,input
FNDA:0,(anonymous_6)
DA:1,1
DA:2,1
DA:3,1
DA:4,1
DA:6,1
DA:7,1
DA:10,1
DA:16,1
DA:17,1
DA:18,1
DA:19,1
DA:22,1
DA:26,1
DA:27,1
DA:28,1
DA:32,0
DA:33,0
DA:34,0
DA:35,0
DA:39,1
DA:40,1
DA:41,1
DA:42,1
DA:43,1
DA:48,1
DA:49,0
DA:52,1
LF:27
LH:22
BRDA:2,0,0,1
BRDA:2,0,1,1
BRF:2
BRH:2
end_of_record
